<?xml version="1.0" encoding="UTF-8"?>
<!-- Generated by org.testng.reporters.JUnitReportReporter -->
<testsuite hostname="PT-PF3LKH6F" failures="0" tests="4" name="com.nos.api.testcases.ApiTest" time="4.597" errors="0" timestamp="2024-03-19T02:24:12 WET" skipped="0">
  <testcase classname="com.nos.api.testcases.ApiTest" name="createNewUser" time="2.956"/>
  <system-out/>
  <testcase classname="com.nos.api.testcases.ApiTest" name="getAllUser" time="0.748"/>
  <system-out/>
  <testcase classname="com.nos.api.testcases.ApiTest" name="updateUserNewMethod" time="0.492"/>
  <system-out/>
  <testcase classname="com.nos.api.testcases.ApiTest" name="deleteUser" time="0.401"/>
  <system-out/>
</testsuite> <!-- com.nos.api.testcases.ApiTest -->
