<?xml version="1.0" encoding="UTF-8"?>
<!-- Generated by org.testng.reporters.JUnitReportReporter -->
<testsuite hostname="PT-PF3LKH6F" failures="0" tests="6" name="com.nos.api.testcases.test" time="4.350" errors="0" timestamp="2024-03-19T01:41:22 WET" skipped="3">
  <testcase classname="com.nos.api.testcases.test" name="createNewUserNewMethod" time="3.224"/>
  <system-out/>
  <testcase classname="com.nos.api.testcases.test" name="updateUserNewMethod" time="0.805"/>
  <system-out/>
  <testcase classname="com.nos.api.testcases.test" name="deleteUser" time="0.321"/>
  <system-out/>
  <testcase classname="com.nos.api.testcases.test" name="getUser">
    <skipped/>
  </testcase> <!-- getUser -->
  <system-out/>
  <testcase classname="com.nos.api.testcases.test" name="createNewUser">
    <skipped/>
  </testcase> <!-- createNewUser -->
  <system-out/>
  <testcase classname="com.nos.api.testcases.test" name="getOneUser">
    <skipped/>
  </testcase> <!-- getOneUser -->
  <system-out/>
</testsuite> <!-- com.nos.api.testcases.test -->
